[Mon Mar  5 09:47:46 2018] [debug] GET "/"
[Mon Mar  5 09:47:46 2018] [debug] Routing to a callback
[Mon Mar  5 09:47:46 2018] [debug] Routing to a callback
[Mon Mar  5 09:47:46 2018] [debug] 200 OK (0.001305s, 766.284/s)
[Mon Mar  5 09:47:52 2018] [debug] GET "/persons.js"
[Mon Mar  5 09:47:52 2018] [debug] Routing to a callback
[Mon Mar  5 09:47:52 2018] [debug] Routing to a callback
[Mon Mar  5 09:47:52 2018] [debug] 200 OK (0.182271s, 5.486/s)
[Mon Mar  5 09:47:54 2018] [debug] GET "/schedule.js"
[Mon Mar  5 09:47:54 2018] [debug] Routing to a callback
[Mon Mar  5 09:47:54 2018] [debug] Routing to a callback
[Mon Mar  5 09:47:54 2018] [debug] 200 OK (0.048079s, 20.799/s)
[Mon Mar  5 09:47:55 2018] [debug] GET "/countries.js"
[Mon Mar  5 09:47:55 2018] [debug] Routing to a callback
[Mon Mar  5 09:47:55 2018] [debug] Routing to a callback
[Mon Mar  5 09:47:55 2018] [debug] 200 OK (0.002518s, 397.141/s)
[Mon Mar  5 09:47:56 2018] [debug] GET "/topics.js"
[Mon Mar  5 09:47:56 2018] [debug] Routing to a callback
[Mon Mar  5 09:47:56 2018] [debug] Routing to a callback
[Mon Mar  5 09:47:56 2018] [debug] 200 OK (0.056302s, 17.761/s)
[Mon Mar  5 09:47:56 2018] [debug] GET "/topics2.js"
[Mon Mar  5 09:47:56 2018] [debug] Routing to a callback
[Mon Mar  5 09:47:56 2018] [debug] Routing to a callback
[Mon Mar  5 09:47:56 2018] [debug] 200 OK (0.058474s, 17.102/s)
[Mon Mar  5 09:53:28 2018] [debug] GET "/"
[Mon Mar  5 09:53:28 2018] [debug] Routing to a callback
[Mon Mar  5 09:53:28 2018] [debug] Routing to a callback
[Mon Mar  5 09:53:28 2018] [debug] 200 OK (0.001254s, 797.448/s)
[Mon Mar  5 09:53:32 2018] [debug] GET "/persons.js"
[Mon Mar  5 09:53:32 2018] [debug] Routing to a callback
[Mon Mar  5 09:53:32 2018] [debug] Routing to a callback
[Mon Mar  5 09:53:33 2018] [debug] 200 OK (0.197614s, 5.060/s)
[Mon Mar  5 09:53:35 2018] [debug] GET "/schedule.js"
[Mon Mar  5 09:53:35 2018] [debug] Routing to a callback
[Mon Mar  5 09:53:35 2018] [debug] Routing to a callback
[Mon Mar  5 09:53:35 2018] [debug] GET "/schedule.js"
[Mon Mar  5 09:53:35 2018] [debug] Routing to a callback
[Mon Mar  5 09:53:35 2018] [debug] Routing to a callback
[Mon Mar  5 09:53:35 2018] [debug] 200 OK (0.063254s, 15.809/s)
[Mon Mar  5 09:53:35 2018] [debug] 200 OK (0.073112s, 13.678/s)
[Mon Mar  5 09:53:36 2018] [debug] GET "/countries.js"
[Mon Mar  5 09:53:36 2018] [debug] Routing to a callback
[Mon Mar  5 09:53:36 2018] [debug] Routing to a callback
[Mon Mar  5 09:53:36 2018] [debug] 200 OK (0.002408s, 415.282/s)
[Mon Mar  5 09:53:36 2018] [debug] GET "/topics.js"
[Mon Mar  5 09:53:36 2018] [debug] Routing to a callback
[Mon Mar  5 09:53:36 2018] [debug] Routing to a callback
[Mon Mar  5 09:53:36 2018] [debug] 200 OK (0.056861s, 17.587/s)
[Mon Mar  5 09:53:37 2018] [debug] GET "/topics2.js"
[Mon Mar  5 09:53:37 2018] [debug] Routing to a callback
[Mon Mar  5 09:53:37 2018] [debug] Routing to a callback
[Mon Mar  5 09:53:37 2018] [debug] 200 OK (0.057253s, 17.466/s)
[Mon Mar  5 09:53:51 2018] [debug] GET "/"
[Mon Mar  5 09:53:51 2018] [debug] Routing to a callback
[Mon Mar  5 09:53:51 2018] [debug] Routing to a callback
[Mon Mar  5 09:53:51 2018] [debug] 200 OK (0.001302s, 768.049/s)
[Mon Mar  5 09:53:56 2018] [debug] GET "/persons.js"
[Mon Mar  5 09:53:56 2018] [debug] Routing to a callback
[Mon Mar  5 09:53:56 2018] [debug] Routing to a callback
[Mon Mar  5 09:53:56 2018] [debug] 200 OK (0.133973s, 7.464/s)
[Mon Mar  5 09:53:58 2018] [debug] GET "/schedule.js"
[Mon Mar  5 09:53:58 2018] [debug] Routing to a callback
[Mon Mar  5 09:53:58 2018] [debug] Routing to a callback
[Mon Mar  5 09:53:58 2018] [debug] GET "/schedule.js"
[Mon Mar  5 09:53:58 2018] [debug] Routing to a callback
[Mon Mar  5 09:53:58 2018] [debug] Routing to a callback
[Mon Mar  5 09:53:58 2018] [debug] 200 OK (0.068549s, 14.588/s)
[Mon Mar  5 09:53:58 2018] [debug] 200 OK (0.055847s, 17.906/s)
[Mon Mar  5 09:53:58 2018] [debug] GET "/countries.js"
[Mon Mar  5 09:53:58 2018] [debug] Routing to a callback
[Mon Mar  5 09:53:58 2018] [debug] Routing to a callback
[Mon Mar  5 09:53:58 2018] [debug] 200 OK (0.002381s, 419.992/s)
[Mon Mar  5 09:53:59 2018] [debug] GET "/topics.js"
[Mon Mar  5 09:53:59 2018] [debug] Routing to a callback
[Mon Mar  5 09:53:59 2018] [debug] Routing to a callback
[Mon Mar  5 09:53:59 2018] [debug] 200 OK (0.059078s, 16.927/s)
[Mon Mar  5 09:54:00 2018] [debug] GET "/topics2.js"
[Mon Mar  5 09:54:00 2018] [debug] Routing to a callback
[Mon Mar  5 09:54:00 2018] [debug] Routing to a callback
[Mon Mar  5 09:54:00 2018] [debug] 200 OK (0.058764s, 17.017/s)
[Mon Mar  5 09:56:34 2018] [debug] GET "/"
[Mon Mar  5 09:56:34 2018] [debug] Routing to a callback
[Mon Mar  5 09:56:34 2018] [debug] Routing to a callback
[Mon Mar  5 09:56:34 2018] [debug] 200 OK (0.001309s, 763.942/s)
[Mon Mar  5 09:56:39 2018] [debug] GET "/persons.js"
[Mon Mar  5 09:56:40 2018] [debug] Routing to a callback
[Mon Mar  5 09:56:40 2018] [debug] Routing to a callback
[Mon Mar  5 09:56:40 2018] [debug] 200 OK (0.163143s, 6.130/s)
[Mon Mar  5 09:56:42 2018] [debug] GET "/schedule.json"
[Mon Mar  5 09:56:42 2018] [debug] Routing to a callback
[Mon Mar  5 09:56:42 2018] [debug] Routing to a callback
[Mon Mar  5 09:56:42 2018] [debug] GET "/persons.js"
[Mon Mar  5 09:56:42 2018] [debug] Routing to a callback
[Mon Mar  5 09:56:42 2018] [debug] Routing to a callback
[Mon Mar  5 09:56:43 2018] [debug] GET "/schedule.js"
[Mon Mar  5 09:56:43 2018] [debug] Template "not_found.development.html.ep" not found
[Mon Mar  5 09:56:43 2018] [debug] Template "not_found.html.ep" not found
[Mon Mar  5 09:56:43 2018] [debug] Rendering template "mojo/debug.html.ep"
[Mon Mar  5 09:56:43 2018] [debug] 200 OK (0.090036s, 11.107/s)
[Mon Mar  5 09:56:43 2018] [debug] Rendering template "mojo/menubar.html.ep"
[Mon Mar  5 09:56:43 2018] [debug] 404 Not Found (0.09168s, 10.908/s)
[Mon Mar  5 09:56:43 2018] [debug] 200 OK (0.114963s, 8.698/s)
[Mon Mar  5 09:56:43 2018] [debug] GET "/countries.js"
[Mon Mar  5 09:56:43 2018] [debug] Routing to a callback
[Mon Mar  5 09:56:43 2018] [debug] Routing to a callback
[Mon Mar  5 09:56:43 2018] [debug] 200 OK (0.002322s, 430.663/s)
[Mon Mar  5 09:56:44 2018] [debug] GET "/topics.js"
[Mon Mar  5 09:56:44 2018] [debug] Routing to a callback
[Mon Mar  5 09:56:44 2018] [debug] Routing to a callback
[Mon Mar  5 09:56:44 2018] [debug] 200 OK (0.055169s, 18.126/s)
[Mon Mar  5 09:56:44 2018] [debug] GET "/topics2.js"
[Mon Mar  5 09:56:44 2018] [debug] Routing to a callback
[Mon Mar  5 09:56:44 2018] [debug] Routing to a callback
[Mon Mar  5 09:56:44 2018] [debug] 200 OK (0.054739s, 18.269/s)
[Mon Mar  5 10:03:49 2018] [debug] GET "/"
[Mon Mar  5 10:03:49 2018] [debug] Routing to a callback
[Mon Mar  5 10:03:49 2018] [debug] Routing to a callback
[Mon Mar  5 10:03:49 2018] [debug] 200 OK (0.001384s, 722.543/s)
[Mon Mar  5 10:03:57 2018] [debug] GET "/topics.json"
[Mon Mar  5 10:03:58 2018] [debug] Routing to a callback
[Mon Mar  5 10:03:58 2018] [debug] Routing to a callback
[Mon Mar  5 10:03:58 2018] [debug] GET "/topics2.json"
[Mon Mar  5 10:03:58 2018] [debug] Routing to a callback
[Mon Mar  5 10:03:58 2018] [debug] Routing to a callback
[Mon Mar  5 10:03:58 2018] [debug] GET "/countries.json"
[Mon Mar  5 10:03:58 2018] [debug] Routing to a callback
[Mon Mar  5 10:03:58 2018] [debug] Routing to a callback
[Mon Mar  5 10:03:58 2018] [debug] 200 OK (0.011484s, 87.078/s)
[Mon Mar  5 10:03:58 2018] [debug] GET "/persons.json"
[Mon Mar  5 10:03:58 2018] [debug] Routing to a callback
[Mon Mar  5 10:03:58 2018] [debug] Routing to a callback
[Mon Mar  5 10:03:58 2018] [debug] GET "/persons.js"
[Mon Mar  5 10:03:58 2018] [debug] Template "not_found.development.html.ep" not found
[Mon Mar  5 10:03:58 2018] [debug] Template "not_found.html.ep" not found
[Mon Mar  5 10:03:58 2018] [debug] Rendering template "mojo/debug.html.ep"
[Mon Mar  5 10:03:58 2018] [debug] GET "/schedule.json"
[Mon Mar  5 10:03:58 2018] [debug] Routing to a callback
[Mon Mar  5 10:03:58 2018] [debug] Routing to a callback
[Mon Mar  5 10:03:58 2018] [debug] Rendering template "mojo/menubar.html.ep"
[Mon Mar  5 10:03:58 2018] [debug] 200 OK (0.19591s, 5.104/s)
[Mon Mar  5 10:03:58 2018] [debug] 404 Not Found (0.23007s, 4.347/s)
[Mon Mar  5 10:03:58 2018] [debug] 200 OK (0.296676s, 3.371/s)
[Mon Mar  5 10:03:58 2018] [debug] 200 OK (0.421373s, 2.373/s)
[Mon Mar  5 10:03:58 2018] [debug] 200 OK (0.407375s, 2.455/s)
[Mon Mar  5 10:03:58 2018] [debug] GET "/schedule.json"
[Mon Mar  5 10:03:58 2018] [debug] Routing to a callback
[Mon Mar  5 10:03:58 2018] [debug] Routing to a callback
[Mon Mar  5 10:03:58 2018] [debug] 200 OK (0.048184s, 20.754/s)
[Mon Mar  5 10:04:12 2018] [debug] GET "/"
[Mon Mar  5 10:04:12 2018] [debug] Routing to a callback
[Mon Mar  5 10:04:12 2018] [debug] Routing to a callback
[Mon Mar  5 10:04:12 2018] [debug] 200 OK (0.001334s, 749.625/s)
[Mon Mar  5 10:04:22 2018] [debug] GET "/persons.json"
[Mon Mar  5 10:04:22 2018] [debug] GET "/countries.json"
[Mon Mar  5 10:04:22 2018] [debug] Routing to a callback
[Mon Mar  5 10:04:22 2018] [debug] Routing to a callback
[Mon Mar  5 10:04:22 2018] [debug] 200 OK (0.002496s, 400.641/s)
[Mon Mar  5 10:04:22 2018] [debug] Routing to a callback
[Mon Mar  5 10:04:22 2018] [debug] Routing to a callback
[Mon Mar  5 10:04:22 2018] [debug] GET "/persons.js"
[Mon Mar  5 10:04:22 2018] [debug] Template "not_found.development.html.ep" not found
[Mon Mar  5 10:04:22 2018] [debug] Template "not_found.html.ep" not found
[Mon Mar  5 10:04:22 2018] [debug] Rendering template "mojo/debug.html.ep"
[Mon Mar  5 10:04:22 2018] [debug] Rendering template "mojo/menubar.html.ep"
[Mon Mar  5 10:04:22 2018] [debug] GET "/schedule.json"
[Mon Mar  5 10:04:22 2018] [debug] Routing to a callback
[Mon Mar  5 10:04:22 2018] [debug] Routing to a callback
[Mon Mar  5 10:04:22 2018] [debug] 200 OK (0.262914s, 3.804/s)
[Mon Mar  5 10:04:22 2018] [debug] 404 Not Found (0.212354s, 4.709/s)
[Mon Mar  5 10:04:22 2018] [debug] GET "/topics.json"
[Mon Mar  5 10:04:22 2018] [debug] Routing to a callback
[Mon Mar  5 10:04:22 2018] [debug] Routing to a callback
[Mon Mar  5 10:04:22 2018] [debug] 200 OK (0.120101s, 8.326/s)
[Mon Mar  5 10:04:22 2018] [debug] 200 OK (0.189693s, 5.272/s)
[Mon Mar  5 10:04:22 2018] [debug] GET "/schedule.json"
[Mon Mar  5 10:04:22 2018] [debug] Routing to a callback
[Mon Mar  5 10:04:22 2018] [debug] Routing to a callback
[Mon Mar  5 10:04:22 2018] [debug] GET "/topics2.json"
[Mon Mar  5 10:04:22 2018] [debug] Routing to a callback
[Mon Mar  5 10:04:22 2018] [debug] Routing to a callback
[Mon Mar  5 10:04:22 2018] [debug] 200 OK (0.0529s, 18.904/s)
[Mon Mar  5 10:04:22 2018] [debug] 200 OK (0.09273s, 10.784/s)
[Mon Mar  5 10:05:05 2018] [debug] GET "/"
[Mon Mar  5 10:05:05 2018] [debug] Routing to a callback
[Mon Mar  5 10:05:05 2018] [debug] Routing to a callback
[Mon Mar  5 10:05:05 2018] [debug] 200 OK (0.001253s, 798.085/s)
[Mon Mar  5 10:05:08 2018] [debug] GET "/"
[Mon Mar  5 10:05:08 2018] [debug] Routing to a callback
[Mon Mar  5 10:05:08 2018] [debug] Routing to a callback
[Mon Mar  5 10:05:08 2018] [debug] 200 OK (0.001322s, 756.430/s)
[Mon Mar  5 10:05:18 2018] [debug] GET "/countries.json"
[Mon Mar  5 10:05:18 2018] [debug] GET "/schedule.json"
[Mon Mar  5 10:05:18 2018] [debug] Routing to a callback
[Mon Mar  5 10:05:18 2018] [debug] Routing to a callback
[Mon Mar  5 10:05:18 2018] [debug] GET "/persons.json"
[Mon Mar  5 10:05:18 2018] [debug] Routing to a callback
[Mon Mar  5 10:05:18 2018] [debug] Routing to a callback
[Mon Mar  5 10:05:18 2018] [debug] Routing to a callback
[Mon Mar  5 10:05:18 2018] [debug] Routing to a callback
[Mon Mar  5 10:05:18 2018] [debug] 200 OK (0.038661s, 25.866/s)
[Mon Mar  5 10:05:18 2018] [debug] 200 OK (0.208477s, 4.797/s)
[Mon Mar  5 10:05:18 2018] [debug] 200 OK (0.292331s, 3.421/s)
[Mon Mar  5 10:05:19 2018] [debug] GET "/topics.json"
[Mon Mar  5 10:05:19 2018] [debug] Routing to a callback
[Mon Mar  5 10:05:19 2018] [debug] Routing to a callback
[Mon Mar  5 10:05:19 2018] [debug] GET "/topics2.json"
[Mon Mar  5 10:05:19 2018] [debug] Routing to a callback
[Mon Mar  5 10:05:19 2018] [debug] Routing to a callback
[Mon Mar  5 10:05:20 2018] [debug] GET "/schedule.json"
[Mon Mar  5 10:05:20 2018] [debug] Routing to a callback
[Mon Mar  5 10:05:20 2018] [debug] Routing to a callback
[Mon Mar  5 10:05:20 2018] [debug] GET "/persons.js"
[Mon Mar  5 10:05:20 2018] [debug] Template "not_found.development.html.ep" not found
[Mon Mar  5 10:05:20 2018] [debug] Template "not_found.html.ep" not found
[Mon Mar  5 10:05:20 2018] [debug] Rendering template "mojo/debug.html.ep"
[Mon Mar  5 10:05:20 2018] [debug] Rendering template "mojo/menubar.html.ep"
[Mon Mar  5 10:05:20 2018] [debug] 200 OK (0.424861s, 2.354/s)
[Mon Mar  5 10:05:20 2018] [debug] 404 Not Found (0.638889s, 1.565/s)
[Mon Mar  5 10:05:20 2018] [debug] 200 OK (1.006647s, 0.993/s)
[Mon Mar  5 10:05:21 2018] [debug] 200 OK (1.066677s, 0.937/s)
[Mon Mar  5 10:05:44 2018] [debug] GET "/"
[Mon Mar  5 10:05:44 2018] [debug] Routing to a callback
[Mon Mar  5 10:05:44 2018] [debug] Routing to a callback
[Mon Mar  5 10:05:44 2018] [debug] 200 OK (0.001254s, 797.448/s)
[Mon Mar  5 10:05:53 2018] [debug] GET "/schedule.json"
[Mon Mar  5 10:05:53 2018] [debug] Routing to a callback
[Mon Mar  5 10:05:53 2018] [debug] Routing to a callback
[Mon Mar  5 10:05:53 2018] [debug] GET "/topics.json"
[Mon Mar  5 10:05:53 2018] [debug] GET "/topics2.json"
[Mon Mar  5 10:05:53 2018] [debug] Routing to a callback
[Mon Mar  5 10:05:53 2018] [debug] Routing to a callback
[Mon Mar  5 10:05:53 2018] [debug] Routing to a callback
[Mon Mar  5 10:05:53 2018] [debug] Routing to a callback
[Mon Mar  5 10:05:53 2018] [debug] GET "/countries.json"
[Mon Mar  5 10:05:53 2018] [debug] Routing to a callback
[Mon Mar  5 10:05:53 2018] [debug] Routing to a callback
[Mon Mar  5 10:05:53 2018] [debug] GET "/persons.js"
[Mon Mar  5 10:05:53 2018] [debug] Template "not_found.development.html.ep" not found
[Mon Mar  5 10:05:53 2018] [debug] Template "not_found.html.ep" not found
[Mon Mar  5 10:05:53 2018] [debug] Rendering template "mojo/debug.html.ep"
[Mon Mar  5 10:05:53 2018] [debug] GET "/schedule.json"
[Mon Mar  5 10:05:53 2018] [debug] Routing to a callback
[Mon Mar  5 10:05:53 2018] [debug] Routing to a callback
[Mon Mar  5 10:05:53 2018] [debug] GET "/persons.json"
[Mon Mar  5 10:05:53 2018] [debug] Routing to a callback
[Mon Mar  5 10:05:53 2018] [debug] Routing to a callback
[Mon Mar  5 10:05:53 2018] [debug] 200 OK (0.210551s, 4.749/s)
[Mon Mar  5 10:05:53 2018] [debug] 200 OK (0.030368s, 32.929/s)
[Mon Mar  5 10:05:53 2018] [debug] Rendering template "mojo/menubar.html.ep"
[Mon Mar  5 10:05:53 2018] [debug] 200 OK (0.168352s, 5.940/s)
[Mon Mar  5 10:05:53 2018] [debug] 404 Not Found (0.185619s, 5.387/s)
[Mon Mar  5 10:05:53 2018] [debug] 200 OK (0.203403s, 4.916/s)
[Mon Mar  5 10:05:53 2018] [debug] 200 OK (0.303291s, 3.297/s)
[Mon Mar  5 10:05:53 2018] [debug] 200 OK (0.304264s, 3.287/s)
[Mon Mar  5 10:06:19 2018] [debug] GET "/"
[Mon Mar  5 10:06:19 2018] [debug] Routing to a callback
[Mon Mar  5 10:06:19 2018] [debug] Routing to a callback
[Mon Mar  5 10:06:19 2018] [debug] 200 OK (0.001206s, 829.187/s)
[Mon Mar  5 10:06:28 2018] [debug] GET "/persons.js"
[Mon Mar  5 10:06:28 2018] [debug] GET "/topics.json"
[Mon Mar  5 10:06:28 2018] [debug] Routing to a callback
[Mon Mar  5 10:06:28 2018] [debug] Routing to a callback
[Mon Mar  5 10:06:28 2018] [debug] GET "/persons.json"
[Mon Mar  5 10:06:28 2018] [debug] Routing to a callback
[Mon Mar  5 10:06:28 2018] [debug] Routing to a callback
[Mon Mar  5 10:06:28 2018] [debug] GET "/countries.json"
[Mon Mar  5 10:06:28 2018] [debug] Routing to a callback
[Mon Mar  5 10:06:28 2018] [debug] Routing to a callback
[Mon Mar  5 10:06:28 2018] [debug] 200 OK (0.002374s, 421.230/s)
[Mon Mar  5 10:06:28 2018] [debug] GET "/schedule.json"
[Mon Mar  5 10:06:28 2018] [debug] Routing to a callback
[Mon Mar  5 10:06:28 2018] [debug] Routing to a callback
[Mon Mar  5 10:06:28 2018] [debug] Template "not_found.development.html.ep" not found
[Mon Mar  5 10:06:28 2018] [debug] Template "not_found.html.ep" not found
[Mon Mar  5 10:06:28 2018] [debug] Rendering template "mojo/debug.html.ep"
[Mon Mar  5 10:06:28 2018] [debug] 200 OK (0.122801s, 8.143/s)
[Mon Mar  5 10:06:28 2018] [debug] 200 OK (0.162022s, 6.172/s)
[Mon Mar  5 10:06:28 2018] [debug] Rendering template "mojo/menubar.html.ep"
[Mon Mar  5 10:06:28 2018] [debug] GET "/topics2.json"
[Mon Mar  5 10:06:28 2018] [debug] Routing to a callback
[Mon Mar  5 10:06:28 2018] [debug] Routing to a callback
[Mon Mar  5 10:06:28 2018] [debug] 404 Not Found (0.45254s, 2.210/s)
[Mon Mar  5 10:06:28 2018] [debug] 200 OK (0.500007s, 2.000/s)
[Mon Mar  5 10:06:29 2018] [debug] 200 OK (0.328536s, 3.044/s)
[Mon Mar  5 10:06:29 2018] [debug] GET "/schedule.json"
[Mon Mar  5 10:06:29 2018] [debug] Routing to a callback
[Mon Mar  5 10:06:29 2018] [debug] Routing to a callback
[Mon Mar  5 10:06:29 2018] [debug] 200 OK (0.070462s, 14.192/s)
[Mon Mar  5 10:10:25 2018] [debug] GET "/"
[Mon Mar  5 10:10:25 2018] [debug] Routing to a callback
[Mon Mar  5 10:10:25 2018] [debug] Routing to a callback
[Mon Mar  5 10:10:25 2018] [debug] 200 OK (0.001289s, 775.795/s)
[Mon Mar  5 10:13:17 2018] [debug] GET "/"
[Mon Mar  5 10:13:17 2018] [debug] Routing to a callback
[Mon Mar  5 10:13:17 2018] [debug] Routing to a callback
[Mon Mar  5 10:13:17 2018] [debug] 200 OK (0.001251s, 799.361/s)
[Mon Mar  5 10:14:07 2018] [debug] GET "/"
[Mon Mar  5 10:14:07 2018] [debug] Routing to a callback
[Mon Mar  5 10:14:07 2018] [debug] Routing to a callback
[Mon Mar  5 10:14:07 2018] [debug] 200 OK (0.001284s, 778.816/s)
[Mon Mar  5 10:16:45 2018] [debug] GET "/"
[Mon Mar  5 10:16:45 2018] [debug] Routing to a callback
[Mon Mar  5 10:16:45 2018] [debug] Routing to a callback
[Mon Mar  5 10:16:45 2018] [debug] 200 OK (0.001242s, 805.153/s)
[Mon Mar  5 10:18:07 2018] [debug] GET "/"
[Mon Mar  5 10:18:07 2018] [debug] Routing to a callback
[Mon Mar  5 10:18:07 2018] [debug] Routing to a callback
[Mon Mar  5 10:18:07 2018] [debug] 200 OK (0.001372s, 728.863/s)
[Mon Mar  5 10:19:44 2018] [debug] GET "/"
[Mon Mar  5 10:19:44 2018] [debug] Routing to a callback
[Mon Mar  5 10:19:44 2018] [debug] Routing to a callback
[Mon Mar  5 10:19:44 2018] [debug] 200 OK (0.00128s, 781.250/s)
[Mon Mar  5 10:21:39 2018] [debug] GET "/"
[Mon Mar  5 10:21:39 2018] [debug] Routing to a callback
[Mon Mar  5 10:21:39 2018] [debug] Routing to a callback
[Mon Mar  5 10:21:39 2018] [debug] 200 OK (0.001222s, 818.331/s)
[Mon Mar  5 10:22:10 2018] [debug] GET "/"
[Mon Mar  5 10:22:10 2018] [debug] Routing to a callback
[Mon Mar  5 10:22:10 2018] [debug] Routing to a callback
[Mon Mar  5 10:22:10 2018] [debug] 200 OK (0.001303s, 767.460/s)
[Mon Mar  5 10:22:21 2018] [debug] GET "/"
[Mon Mar  5 10:22:21 2018] [debug] Routing to a callback
[Mon Mar  5 10:22:21 2018] [debug] Routing to a callback
[Mon Mar  5 10:22:21 2018] [debug] 200 OK (0.001247s, 801.925/s)
[Mon Mar  5 10:22:34 2018] [debug] GET "/"
[Mon Mar  5 10:22:34 2018] [debug] Routing to a callback
[Mon Mar  5 10:22:34 2018] [debug] Routing to a callback
[Mon Mar  5 10:22:34 2018] [debug] 200 OK (0.001237s, 808.407/s)
[Mon Mar  5 10:23:14 2018] [debug] GET "/"
[Mon Mar  5 10:23:14 2018] [debug] Routing to a callback
[Mon Mar  5 10:23:14 2018] [debug] Routing to a callback
[Mon Mar  5 10:23:14 2018] [debug] 200 OK (0.001185s, 843.882/s)
[Mon Mar  5 10:23:22 2018] [debug] GET "/topics2.json"
[Mon Mar  5 10:23:22 2018] [debug] Routing to a callback
[Mon Mar  5 10:23:22 2018] [debug] Routing to a callback
[Mon Mar  5 10:23:22 2018] [debug] GET "/schedule.json"
[Mon Mar  5 10:23:22 2018] [debug] Routing to a callback
[Mon Mar  5 10:23:22 2018] [debug] Routing to a callback
[Mon Mar  5 10:23:22 2018] [debug] GET "/countries.json"
[Mon Mar  5 10:23:22 2018] [debug] Routing to a callback
[Mon Mar  5 10:23:22 2018] [debug] Routing to a callback
[Mon Mar  5 10:23:22 2018] [debug] 200 OK (0.002501s, 399.840/s)
[Mon Mar  5 10:23:22 2018] [debug] GET "/persons.json"
[Mon Mar  5 10:23:22 2018] [debug] Routing to a callback
[Mon Mar  5 10:23:22 2018] [debug] Routing to a callback
[Mon Mar  5 10:23:22 2018] [debug] GET "/topics.json"
[Mon Mar  5 10:23:22 2018] [debug] Routing to a callback
[Mon Mar  5 10:23:22 2018] [debug] Routing to a callback
[Mon Mar  5 10:23:22 2018] [debug] 200 OK (0.146065s, 6.846/s)
[Mon Mar  5 10:23:22 2018] [debug] 200 OK (0.219192s, 4.562/s)
[Mon Mar  5 10:23:22 2018] [debug] 200 OK (0.339192s, 2.948/s)
[Mon Mar  5 10:23:22 2018] [debug] 200 OK (0.297178s, 3.365/s)
[Mon Mar  5 10:24:03 2018] [debug] GET "/"
[Mon Mar  5 10:24:03 2018] [debug] Routing to a callback
[Mon Mar  5 10:24:03 2018] [debug] Routing to a callback
[Mon Mar  5 10:24:03 2018] [debug] 200 OK (0.001333s, 750.188/s)
[Mon Mar  5 10:24:10 2018] [debug] GET "/topics2.json"
[Mon Mar  5 10:24:10 2018] [debug] Routing to a callback
[Mon Mar  5 10:24:10 2018] [debug] Routing to a callback
[Mon Mar  5 10:24:11 2018] [debug] GET "/countries.json"
[Mon Mar  5 10:24:11 2018] [debug] Routing to a callback
[Mon Mar  5 10:24:11 2018] [debug] Routing to a callback
[Mon Mar  5 10:24:11 2018] [debug] GET "/persons.json"
[Mon Mar  5 10:24:11 2018] [debug] Routing to a callback
[Mon Mar  5 10:24:11 2018] [debug] Routing to a callback
[Mon Mar  5 10:24:11 2018] [debug] 200 OK (0.018682s, 53.527/s)
[Mon Mar  5 10:24:11 2018] [debug] GET "/schedule.json"
[Mon Mar  5 10:24:11 2018] [debug] Routing to a callback
[Mon Mar  5 10:24:11 2018] [debug] Routing to a callback
[Mon Mar  5 10:24:11 2018] [debug] 200 OK (0.109841s, 9.104/s)
[Mon Mar  5 10:24:11 2018] [debug] 200 OK (0.144333s, 6.928/s)
[Mon Mar  5 10:24:11 2018] [debug] 200 OK (0.213469s, 4.685/s)
[Mon Mar  5 10:24:11 2018] [debug] GET "/topics.json"
[Mon Mar  5 10:24:11 2018] [debug] Routing to a callback
[Mon Mar  5 10:24:11 2018] [debug] Routing to a callback
[Mon Mar  5 10:24:11 2018] [debug] 200 OK (0.057871s, 17.280/s)
[Mon Mar  5 10:24:24 2018] [debug] GET "/"
[Mon Mar  5 10:24:24 2018] [debug] Routing to a callback
[Mon Mar  5 10:24:24 2018] [debug] Routing to a callback
[Mon Mar  5 10:24:24 2018] [debug] 200 OK (0.001303s, 767.460/s)
[Mon Mar  5 10:24:31 2018] [debug] GET "/persons.json"
[Mon Mar  5 10:24:31 2018] [debug] Routing to a callback
[Mon Mar  5 10:24:31 2018] [debug] Routing to a callback
[Mon Mar  5 10:24:31 2018] [debug] 200 OK (0.263163s, 3.800/s)
[Mon Mar  5 10:24:31 2018] [debug] GET "/schedule.json"
[Mon Mar  5 10:24:31 2018] [debug] Routing to a callback
[Mon Mar  5 10:24:31 2018] [debug] Routing to a callback
[Mon Mar  5 10:24:31 2018] [debug] GET "/countries.json"
[Mon Mar  5 10:24:31 2018] [debug] Routing to a callback
[Mon Mar  5 10:24:31 2018] [debug] Routing to a callback
[Mon Mar  5 10:24:32 2018] [debug] 200 OK (0.045827s, 21.821/s)
[Mon Mar  5 10:24:32 2018] [debug] 200 OK (0.093821s, 10.659/s)
[Mon Mar  5 10:24:32 2018] [debug] GET "/topics2.json"
[Mon Mar  5 10:24:32 2018] [debug] Routing to a callback
[Mon Mar  5 10:24:32 2018] [debug] Routing to a callback
[Mon Mar  5 10:24:32 2018] [debug] 200 OK (0.162745s, 6.145/s)
[Mon Mar  5 10:24:32 2018] [debug] GET "/topics.json"
[Mon Mar  5 10:24:32 2018] [debug] Routing to a callback
[Mon Mar  5 10:24:32 2018] [debug] Routing to a callback
[Mon Mar  5 10:24:32 2018] [debug] 200 OK (0.059413s, 16.831/s)
[Mon Mar  5 10:31:13 2018] [debug] GET "/"
[Mon Mar  5 10:31:13 2018] [debug] Routing to a callback
[Mon Mar  5 10:31:13 2018] [debug] Routing to a callback
[Mon Mar  5 10:31:13 2018] [debug] 200 OK (0.001207s, 828.500/s)
[Mon Mar  5 10:31:21 2018] [debug] GET "/schedule.json"
[Mon Mar  5 10:31:21 2018] [debug] Routing to a callback
[Mon Mar  5 10:31:21 2018] [debug] Routing to a callback
[Mon Mar  5 10:31:21 2018] [debug] GET "/countries.json"
[Mon Mar  5 10:31:21 2018] [debug] Routing to a callback
[Mon Mar  5 10:31:21 2018] [debug] Routing to a callback
[Mon Mar  5 10:31:21 2018] [debug] GET "/topics2.json"
[Mon Mar  5 10:31:21 2018] [debug] Routing to a callback
[Mon Mar  5 10:31:21 2018] [debug] Routing to a callback
[Mon Mar  5 10:31:21 2018] [debug] GET "/persons.json"
[Mon Mar  5 10:31:21 2018] [debug] Routing to a callback
[Mon Mar  5 10:31:21 2018] [debug] Routing to a callback
[Mon Mar  5 10:31:21 2018] [debug] GET "/topics.json"
[Mon Mar  5 10:31:21 2018] [debug] Routing to a callback
[Mon Mar  5 10:31:21 2018] [debug] Routing to a callback
[Mon Mar  5 10:31:21 2018] [debug] 200 OK (0.067431s, 14.830/s)
[Mon Mar  5 10:31:21 2018] [debug] 200 OK (0.187424s, 5.335/s)
[Mon Mar  5 10:31:21 2018] [debug] 200 OK (0.23628s, 4.232/s)
[Mon Mar  5 10:31:21 2018] [debug] 200 OK (0.29506s, 3.389/s)
[Mon Mar  5 10:31:21 2018] [debug] 200 OK (0.430694s, 2.322/s)
[Mon Mar  5 10:33:01 2018] [debug] GET "/"
[Mon Mar  5 10:33:01 2018] [debug] Routing to a callback
[Mon Mar  5 10:33:01 2018] [debug] 200 OK (0.00113s, 884.956/s)
[Mon Mar  5 10:33:09 2018] [debug] GET "/persons.json"
[Mon Mar  5 10:33:09 2018] [debug] Routing to a callback
[Mon Mar  5 10:33:09 2018] [debug] GET "/schedule.json"
[Mon Mar  5 10:33:09 2018] [debug] Routing to a callback
[Mon Mar  5 10:33:09 2018] [debug] GET "/topics.json"
[Mon Mar  5 10:33:09 2018] [debug] Routing to a callback
[Mon Mar  5 10:33:09 2018] [debug] GET "/countries.json"
[Mon Mar  5 10:33:09 2018] [debug] Routing to a callback
[Mon Mar  5 10:33:09 2018] [debug] 200 OK (0.183396s, 5.453/s)
[Mon Mar  5 10:33:10 2018] [debug] 200 OK (0.238341s, 4.196/s)
[Mon Mar  5 10:33:10 2018] [debug] GET "/topics2.json"
[Mon Mar  5 10:33:10 2018] [debug] Routing to a callback
[Mon Mar  5 10:33:10 2018] [debug] 200 OK (0.411294s, 2.431/s)
[Mon Mar  5 10:33:10 2018] [debug] 200 OK (0.147029s, 6.801/s)
[Mon Mar  5 10:33:10 2018] [debug] 200 OK (0.595353s, 1.680/s)
[Mon Mar  5 10:34:52 2018] [debug] GET "/"
[Mon Mar  5 10:34:52 2018] [debug] Routing to a callback
[Mon Mar  5 10:34:52 2018] [debug] 200 OK (0.001052s, 950.570/s)
[Mon Mar  5 10:35:00 2018] [debug] GET "/persons.json"
[Mon Mar  5 10:35:00 2018] [debug] Routing to a callback
[Mon Mar  5 10:35:00 2018] [debug] GET "/schedule.json"
[Mon Mar  5 10:35:00 2018] [debug] Routing to a callback
[Mon Mar  5 10:35:00 2018] [debug] GET "/topics.json"
[Mon Mar  5 10:35:00 2018] [debug] Routing to a callback
[Mon Mar  5 10:35:00 2018] [debug] GET "/countries.json"
[Mon Mar  5 10:35:00 2018] [debug] Routing to a callback
[Mon Mar  5 10:35:00 2018] [debug] 200 OK (0.327269s, 3.056/s)
[Mon Mar  5 10:35:00 2018] [debug] GET "/topics2.json"
[Mon Mar  5 10:35:00 2018] [debug] Routing to a callback
[Mon Mar  5 10:35:00 2018] [debug] 200 OK (0.1478s, 6.766/s)
[Mon Mar  5 10:35:00 2018] [debug] 200 OK (0.131135s, 7.626/s)
[Mon Mar  5 10:35:00 2018] [debug] 200 OK (0.314499s, 3.180/s)
[Mon Mar  5 10:35:00 2018] [debug] 200 OK (0.400647s, 2.496/s)
[Mon Mar  5 10:39:59 2018] [debug] GET "/"
[Mon Mar  5 10:39:59 2018] [debug] Routing to a callback
[Mon Mar  5 10:39:59 2018] [debug] 200 OK (0.001038s, 963.391/s)
[Mon Mar  5 10:40:08 2018] [debug] GET "/persons.json"
[Mon Mar  5 10:40:08 2018] [debug] Routing to a callback
[Mon Mar  5 10:40:08 2018] [debug] 200 OK (0.168857s, 5.922/s)
[Mon Mar  5 10:40:09 2018] [debug] GET "/topics.json"
[Mon Mar  5 10:40:09 2018] [debug] Routing to a callback
[Mon Mar  5 10:40:09 2018] [debug] GET "/schedule.json"
[Mon Mar  5 10:40:09 2018] [debug] Routing to a callback
[Mon Mar  5 10:40:09 2018] [debug] GET "/topics2.json"
[Mon Mar  5 10:40:09 2018] [debug] Routing to a callback
[Mon Mar  5 10:40:09 2018] [debug] GET "/countries.json"
[Mon Mar  5 10:40:09 2018] [debug] Routing to a callback
[Mon Mar  5 10:40:09 2018] [debug] 200 OK (0.186828s, 5.353/s)
[Mon Mar  5 10:40:09 2018] [debug] 200 OK (0.275402s, 3.631/s)
[Mon Mar  5 10:40:09 2018] [debug] 200 OK (0.256301s, 3.902/s)
[Mon Mar  5 10:40:09 2018] [debug] 200 OK (0.419375s, 2.385/s)
[Mon Mar  5 10:44:05 2018] [debug] GET "/"
[Mon Mar  5 10:44:05 2018] [debug] Routing to a callback
[Mon Mar  5 10:44:05 2018] [debug] 200 OK (0.001035s, 966.184/s)
[Mon Mar  5 10:44:12 2018] [debug] GET "/countries.json"
[Mon Mar  5 10:44:12 2018] [debug] Routing to a callback
[Mon Mar  5 10:44:12 2018] [debug] GET "/persons.json"
[Mon Mar  5 10:44:12 2018] [debug] GET "/schedule.json"
[Mon Mar  5 10:44:12 2018] [debug] Routing to a callback
[Mon Mar  5 10:44:12 2018] [debug] 200 OK (0.087967s, 11.368/s)
[Mon Mar  5 10:44:12 2018] [debug] Routing to a callback
[Mon Mar  5 10:44:12 2018] [debug] GET "/topics.json"
[Mon Mar  5 10:44:12 2018] [debug] Routing to a callback
[Mon Mar  5 10:44:12 2018] [debug] GET "/topics2.json"
[Mon Mar  5 10:44:12 2018] [debug] Routing to a callback
[Mon Mar  5 10:44:12 2018] [debug] 200 OK (0.119298s, 8.382/s)
[Mon Mar  5 10:44:12 2018] [debug] 200 OK (0.203474s, 4.915/s)
[Mon Mar  5 10:44:12 2018] [debug] 200 OK (0.232817s, 4.295/s)
[Mon Mar  5 10:44:13 2018] [debug] 200 OK (0.437803s, 2.284/s)
[Mon Mar  5 10:44:21 2018] [debug] GET "/"
[Mon Mar  5 10:44:21 2018] [debug] Routing to a callback
[Mon Mar  5 10:44:21 2018] [debug] 200 OK (0.001314s, 761.035/s)
[Mon Mar  5 10:44:28 2018] [debug] GET "/countries.json"
[Mon Mar  5 10:44:28 2018] [debug] Routing to a callback
[Mon Mar  5 10:44:28 2018] [debug] GET "/topics.json"
[Mon Mar  5 10:44:28 2018] [debug] Routing to a callback
[Mon Mar  5 10:44:28 2018] [debug] GET "/topics2.json"
[Mon Mar  5 10:44:28 2018] [debug] Routing to a callback
[Mon Mar  5 10:44:28 2018] [debug] GET "/persons.json"
[Mon Mar  5 10:44:28 2018] [debug] Routing to a callback
[Mon Mar  5 10:44:28 2018] [debug] GET "/schedule.json"
[Mon Mar  5 10:44:28 2018] [debug] Routing to a callback
[Mon Mar  5 10:44:28 2018] [debug] 200 OK (0.130637s, 7.655/s)
[Mon Mar  5 10:44:28 2018] [debug] 200 OK (0.176935s, 5.652/s)
[Mon Mar  5 10:44:28 2018] [debug] 200 OK (0.211318s, 4.732/s)
[Mon Mar  5 10:44:28 2018] [debug] 200 OK (0.377559s, 2.649/s)
[Mon Mar  5 10:44:29 2018] [debug] 200 OK (0.518791s, 1.928/s)
[Mon Mar  5 10:47:42 2018] [debug] GET "/"
[Mon Mar  5 10:47:42 2018] [debug] Routing to a callback
[Mon Mar  5 10:47:42 2018] [debug] 200 OK (0.001057s, 946.074/s)
[Mon Mar  5 10:47:50 2018] [debug] GET "/schedule.json"
[Mon Mar  5 10:47:50 2018] [debug] Routing to a callback
[Mon Mar  5 10:47:50 2018] [debug] GET "/persons.json"
[Mon Mar  5 10:47:50 2018] [debug] Routing to a callback
[Mon Mar  5 10:47:50 2018] [debug] GET "/countries.json"
[Mon Mar  5 10:47:50 2018] [debug] Routing to a callback
[Mon Mar  5 10:47:50 2018] [debug] 200 OK (0.178508s, 5.602/s)
[Mon Mar  5 10:47:50 2018] [debug] 200 OK (0.314134s, 3.183/s)
[Mon Mar  5 10:47:50 2018] [debug] 200 OK (0.29657s, 3.372/s)
[Mon Mar  5 10:47:50 2018] [debug] GET "/topics.json"
[Mon Mar  5 10:47:50 2018] [debug] Routing to a callback
[Mon Mar  5 10:47:50 2018] [debug] GET "/topics2.json"
[Mon Mar  5 10:47:50 2018] [debug] Routing to a callback
[Mon Mar  5 10:47:51 2018] [debug] 200 OK (0.115347s, 8.669/s)
[Mon Mar  5 10:47:51 2018] [debug] 200 OK (0.167592s, 5.967/s)
[Mon Mar  5 10:48:07 2018] [debug] GET "/"
[Mon Mar  5 10:48:07 2018] [debug] Routing to a callback
[Mon Mar  5 10:48:07 2018] [debug] 200 OK (0.001061s, 942.507/s)
[Mon Mar  5 10:48:15 2018] [debug] GET "/topics2.json"
[Mon Mar  5 10:48:15 2018] [debug] Routing to a callback
[Mon Mar  5 10:48:15 2018] [debug] GET "/topics.json"
[Mon Mar  5 10:48:15 2018] [debug] Routing to a callback
[Mon Mar  5 10:48:15 2018] [debug] GET "/persons.json"
[Mon Mar  5 10:48:15 2018] [debug] Routing to a callback
[Mon Mar  5 10:48:15 2018] [debug] GET "/countries.json"
[Mon Mar  5 10:48:15 2018] [debug] Routing to a callback
[Mon Mar  5 10:48:15 2018] [debug] GET "/schedule.json"
[Mon Mar  5 10:48:15 2018] [debug] Routing to a callback
[Mon Mar  5 10:48:15 2018] [debug] 200 OK (0.14279s, 7.003/s)
[Mon Mar  5 10:48:15 2018] [debug] 200 OK (0.122508s, 8.163/s)
[Mon Mar  5 10:48:15 2018] [debug] 200 OK (0.110588s, 9.043/s)
[Mon Mar  5 10:48:15 2018] [debug] 200 OK (0.209725s, 4.768/s)
[Mon Mar  5 10:48:15 2018] [debug] 200 OK (0.32388s, 3.088/s)
[Mon Mar  5 10:54:14 2018] [debug] GET "/"
[Mon Mar  5 10:54:14 2018] [debug] Routing to a callback
[Mon Mar  5 10:54:14 2018] [debug] 200 OK (0.001123s, 890.472/s)
[Mon Mar  5 10:54:21 2018] [debug] GET "/schedule.json"
[Mon Mar  5 10:54:21 2018] [debug] Routing to a callback
[Mon Mar  5 10:54:21 2018] [debug] GET "/topics2.json"
[Mon Mar  5 10:54:21 2018] [debug] Routing to a callback
[Mon Mar  5 10:54:21 2018] [debug] GET "/persons.json"
[Mon Mar  5 10:54:21 2018] [debug] Routing to a callback
[Mon Mar  5 10:54:21 2018] [debug] GET "/topics.json"
[Mon Mar  5 10:54:21 2018] [debug] Routing to a callback
[Mon Mar  5 10:54:21 2018] [debug] GET "/countries.json"
[Mon Mar  5 10:54:21 2018] [debug] Routing to a callback
[Mon Mar  5 10:54:21 2018] [debug] 200 OK (0.087819s, 11.387/s)
[Mon Mar  5 10:54:21 2018] [debug] 200 OK (0.1475s, 6.780/s)
[Mon Mar  5 10:54:21 2018] [debug] 200 OK (0.198748s, 5.031/s)
[Mon Mar  5 10:54:21 2018] [debug] 200 OK (0.298216s, 3.353/s)
[Mon Mar  5 10:54:21 2018] [debug] 200 OK (0.368027s, 2.717/s)
[Mon Mar  5 10:54:35 2018] [debug] GET "/"
[Mon Mar  5 10:54:35 2018] [debug] Routing to a callback
[Mon Mar  5 10:54:35 2018] [debug] 304 Not Modified (0.001204s, 830.565/s)
[Mon Mar  5 10:54:42 2018] [debug] GET "/topics2.json"
[Mon Mar  5 10:54:43 2018] [debug] GET "/persons.json"
[Mon Mar  5 10:54:43 2018] [debug] Routing to a callback
[Mon Mar  5 10:54:43 2018] [debug] Routing to a callback
[Mon Mar  5 10:54:43 2018] [debug] GET "/topics.json"
[Mon Mar  5 10:54:43 2018] [debug] Routing to a callback
[Mon Mar  5 10:54:43 2018] [debug] GET "/countries.json"
[Mon Mar  5 10:54:43 2018] [debug] Routing to a callback
[Mon Mar  5 10:54:43 2018] [debug] GET "/schedule.json"
[Mon Mar  5 10:54:43 2018] [debug] Routing to a callback
[Mon Mar  5 10:54:43 2018] [debug] 200 OK (0.120225s, 8.318/s)
[Mon Mar  5 10:54:43 2018] [debug] 200 OK (0.270909s, 3.691/s)
[Mon Mar  5 10:54:43 2018] [debug] 200 OK (0.127716s, 7.830/s)
[Mon Mar  5 10:54:43 2018] [debug] 200 OK (0.330481s, 3.026/s)
[Mon Mar  5 10:54:43 2018] [debug] 200 OK (0.372584s, 2.684/s)
[Mon Mar  5 10:56:06 2018] [debug] GET "/"
[Mon Mar  5 10:56:06 2018] [debug] Routing to a callback
[Mon Mar  5 10:56:06 2018] [debug] 304 Not Modified (0.001119s, 893.655/s)
[Mon Mar  5 10:56:13 2018] [debug] GET "/persons.json"
[Mon Mar  5 10:56:13 2018] [debug] Routing to a callback
[Mon Mar  5 10:56:13 2018] [debug] GET "/schedule.json"
[Mon Mar  5 10:56:13 2018] [debug] GET "/countries.json"
[Mon Mar  5 10:56:13 2018] [debug] Routing to a callback
[Mon Mar  5 10:56:13 2018] [debug] Routing to a callback
[Mon Mar  5 10:56:13 2018] [debug] GET "/topics.json"
[Mon Mar  5 10:56:13 2018] [debug] Routing to a callback
[Mon Mar  5 10:56:13 2018] [debug] GET "/topics2.json"
[Mon Mar  5 10:56:13 2018] [debug] Routing to a callback
[Mon Mar  5 10:56:13 2018] [debug] 200 OK (0.120015s, 8.332/s)
[Mon Mar  5 10:56:13 2018] [debug] 200 OK (0.121544s, 8.227/s)
[Mon Mar  5 10:56:14 2018] [debug] 200 OK (0.168485s, 5.935/s)
[Mon Mar  5 10:56:14 2018] [debug] 200 OK (0.232218s, 4.306/s)
[Mon Mar  5 10:56:14 2018] [debug] 200 OK (0.326769s, 3.060/s)
[Mon Mar  5 10:58:56 2018] [debug] GET "/"
[Mon Mar  5 10:58:56 2018] [debug] Routing to a callback
[Mon Mar  5 10:58:56 2018] [debug] 200 OK (0.001094s, 914.077/s)
[Mon Mar  5 10:59:04 2018] [debug] GET "/persons.json"
[Mon Mar  5 10:59:04 2018] [debug] Routing to a callback
[Mon Mar  5 10:59:04 2018] [debug] GET "/schedule.json"
[Mon Mar  5 10:59:04 2018] [debug] Routing to a callback
[Mon Mar  5 10:59:04 2018] [debug] GET "/topics.json"
[Mon Mar  5 10:59:04 2018] [debug] Routing to a callback
[Mon Mar  5 10:59:04 2018] [debug] GET "/topics2.json"
[Mon Mar  5 10:59:04 2018] [debug] GET "/countries.json"
[Mon Mar  5 10:59:04 2018] [debug] Routing to a callback
[Mon Mar  5 10:59:04 2018] [debug] Routing to a callback
[Mon Mar  5 10:59:04 2018] [debug] 200 OK (0.20519s, 4.874/s)
[Mon Mar  5 10:59:04 2018] [debug] 200 OK (0.146086s, 6.845/s)
[Mon Mar  5 10:59:04 2018] [debug] 200 OK (0.236896s, 4.221/s)
[Mon Mar  5 10:59:04 2018] [debug] 200 OK (0.319003s, 3.135/s)
[Mon Mar  5 10:59:04 2018] [debug] 200 OK (0.278543s, 3.590/s)
[Mon Mar  5 10:59:20 2018] [debug] GET "/"
[Mon Mar  5 10:59:20 2018] [debug] Routing to a callback
[Mon Mar  5 10:59:20 2018] [debug] 200 OK (0.001096s, 912.409/s)
[Mon Mar  5 10:59:27 2018] [debug] GET "/topics.json"
[Mon Mar  5 10:59:27 2018] [debug] GET "/persons.json"
[Mon Mar  5 10:59:27 2018] [debug] GET "/schedule.json"
[Mon Mar  5 10:59:27 2018] [debug] Routing to a callback
[Mon Mar  5 10:59:27 2018] [debug] Routing to a callback
[Mon Mar  5 10:59:27 2018] [debug] Routing to a callback
[Mon Mar  5 10:59:27 2018] [debug] GET "/topics2.json"
[Mon Mar  5 10:59:27 2018] [debug] Routing to a callback
[Mon Mar  5 10:59:27 2018] [debug] GET "/countries.json"
[Mon Mar  5 10:59:27 2018] [debug] Routing to a callback
[Mon Mar  5 10:59:28 2018] [debug] 200 OK (0.101812s, 9.822/s)
[Mon Mar  5 10:59:28 2018] [debug] 200 OK (0.076225s, 13.119/s)
[Mon Mar  5 10:59:28 2018] [debug] 200 OK (0.176512s, 5.665/s)
[Mon Mar  5 10:59:28 2018] [debug] 200 OK (0.21616s, 4.626/s)
[Mon Mar  5 10:59:28 2018] [debug] 200 OK (0.290143s, 3.447/s)
[Mon Mar  5 11:07:07 2018] [debug] GET "/stacks.json"
[Mon Mar  5 11:07:07 2018] [debug] Routing to a callback
[Mon Mar  5 11:07:07 2018] [debug] 200 OK (0.042017s, 23.800/s)
[Mon Mar  5 11:08:50 2018] [debug] GET "/stacks.json"
[Mon Mar  5 11:08:50 2018] [debug] Routing to a callback
[Mon Mar  5 11:08:50 2018] [debug] 200 OK (0.040721s, 24.557/s)
[Mon Mar  5 11:11:45 2018] [debug] GET "/api/persons.json"
[Mon Mar  5 11:11:45 2018] [debug] Routing to a callback
[Mon Mar  5 11:11:45 2018] [debug] 200 OK (0.042186s, 23.705/s)
[Mon Mar  5 11:11:45 2018] [debug] GET "/api/stacks.json"
[Mon Mar  5 11:11:45 2018] [debug] Routing to a callback
[Mon Mar  5 11:11:45 2018] [debug] 200 OK (0.041059s, 24.355/s)
[Mon Mar  5 11:11:46 2018] [debug] GET "/api/countries.json"
[Mon Mar  5 11:11:46 2018] [debug] Routing to a callback
[Mon Mar  5 11:11:46 2018] [debug] 200 OK (0.009331s, 107.170/s)
[Mon Mar  5 11:11:46 2018] [debug] GET "/api/schedule.json"
[Mon Mar  5 11:11:46 2018] [debug] Routing to a callback
[Mon Mar  5 11:11:46 2018] [debug] 200 OK (0.029138s, 34.319/s)
[Mon Mar  5 11:11:47 2018] [debug] GET "/api/topics.json"
[Mon Mar  5 11:11:47 2018] [debug] Routing to a callback
[Mon Mar  5 11:11:47 2018] [debug] 200 OK (0.063268s, 15.806/s)
[Mon Mar  5 11:11:47 2018] [debug] GET "/api/topics2.json"
[Mon Mar  5 11:11:47 2018] [debug] Routing to a callback
[Mon Mar  5 11:11:47 2018] [debug] 200 OK (0.063798s, 15.674/s)
[Mon Mar  5 11:12:25 2018] [debug] GET "/api/persons.json"
[Mon Mar  5 11:12:25 2018] [debug] Routing to a callback
[Mon Mar  5 11:12:25 2018] [debug] 200 OK (0.042422s, 23.573/s)
[Mon Mar  5 11:12:26 2018] [debug] GET "/api/stacks.json"
[Mon Mar  5 11:12:26 2018] [debug] Routing to a callback
[Mon Mar  5 11:12:26 2018] [debug] 200 OK (0.04096s, 24.414/s)
[Mon Mar  5 11:12:26 2018] [debug] GET "/api/countries.json"
[Mon Mar  5 11:12:26 2018] [debug] Routing to a callback
[Mon Mar  5 11:12:26 2018] [debug] 200 OK (0.009309s, 107.423/s)
[Mon Mar  5 11:12:27 2018] [debug] GET "/api/schedule.json"
[Mon Mar  5 11:12:27 2018] [debug] Routing to a callback
[Mon Mar  5 11:12:27 2018] [debug] 200 OK (0.029446s, 33.960/s)
[Mon Mar  5 11:12:27 2018] [debug] GET "/api/topics.json"
[Mon Mar  5 11:12:27 2018] [debug] Routing to a callback
[Mon Mar  5 11:12:27 2018] [debug] 200 OK (0.060771s, 16.455/s)
[Mon Mar  5 11:12:28 2018] [debug] GET "/api/topics2.json"
[Mon Mar  5 11:12:28 2018] [debug] Routing to a callback
[Mon Mar  5 11:12:28 2018] [debug] 200 OK (0.063444s, 15.762/s)
[Mon Mar  5 11:13:25 2018] [debug] GET "/"
[Mon Mar  5 11:13:25 2018] [debug] Routing to a callback
[Mon Mar  5 11:13:25 2018] [debug] 200 OK (0.001026s, 974.659/s)
[Mon Mar  5 11:27:02 2018] [debug] GET "/"
[Mon Mar  5 11:27:02 2018] [debug] Routing to a callback
[Mon Mar  5 11:27:02 2018] [debug] 200 OK (0.001045s, 956.938/s)
[Mon Mar  5 11:28:04 2018] [debug] GET "/"
[Mon Mar  5 11:28:04 2018] [debug] Routing to a callback
[Mon Mar  5 11:28:04 2018] [debug] 200 OK (0.001066s, 938.086/s)
